ffmpeg started on 2025-05-04 at 09:47:17
Report written to "ffmpeg-20250504-094717.log"
Log level: 48
Command line:
ffmpeg -loglevel info -report -rtsp_transport tcp -reconnect 1 -reconnect_streamed 1 -reconnect_delay_max 2 -i rtsp://192.168.1.153:8556/detection -analyzeduration 10000000 -probesize 10000000 -c:v libx264 -preset medium -profile:v main -tune zerolatency -pix_fmt yuv420p -crf 23 -g 60 -keyint_min 60 -bf 0 -f hls -hls_time 2 -hls_list_size 10 -hls_flags independent_segments -hls_segment_type mpegts -hls_segment_filename "/var/www/hls/Camera_IP/Face_UPS/seg_%05d.ts" -hls_base_url /hls/Camera_IP/Face_UPS/ -hls_playlist_type event /var/www/hls/Camera_IP/Face_UPS/playlist.m3u8
ffmpeg version 5.1.6-0+deb12u1 Copyright (c) 2000-2024 the FFmpeg developers
  built with gcc 12 (Debian 12.2.0-14)
  configuration: --prefix=/usr --extra-version=0+deb12u1 --toolchain=hardened --libdir=/usr/lib/x86_64-linux-gnu --incdir=/usr/include/x86_64-linux-gnu --arch=amd64 --enable-gpl --disable-stripping --enable-gnutls --enable-ladspa --enable-libaom --enable-libass --enable-libbluray --enable-libbs2b --enable-libcaca --enable-libcdio --enable-libcodec2 --enable-libdav1d --enable-libflite --enable-libfontconfig --enable-libfreetype --enable-libfribidi --enable-libglslang --enable-libgme --enable-libgsm --enable-libjack --enable-libmp3lame --enable-libmysofa --enable-libopenjpeg --enable-libopenmpt --enable-libopus --enable-libpulse --enable-librabbitmq --enable-librist --enable-librubberband --enable-libshine --enable-libsnappy --enable-libsoxr --enable-libspeex --enable-libsrt --enable-libssh --enable-libsvtav1 --enable-libtheora --enable-libtwolame --enable-libvidstab --enable-libvorbis --enable-libvpx --enable-libwebp --enable-libx265 --enable-libxml2 --enable-libxvid --enable-libzimg --enable-libzmq --enable-  libavutil      57. 28.100 / 57. 28.100
  libavcodec     59. 37.100 / 59. 37.100
  libavformat    59. 27.100 / 59. 27.100
  libavdevice    59.  7.100 / 59.  7.100
  libavfilter     8. 44.100 /  8. 44.100
  libswscale      6.  7.100 /  6.  7.100
  libswresample   4.  7.100 /  4.  7.100
  libpostproc    56.  6.100 / 56.  6.100
Splitting the commandline.
Reading option '-loglevel' ... matched as option 'loglevel' (set logging level) with argument 'info'.
Reading option '-report' ... matched as option 'report' (generate a report) with argument '1'.
Reading option '-rtsp_transport' ... matched as AVOption 'rtsp_transport' with argument 'tcp'.
Reading option '-reconnect' ... matched as AVOption 'reconnect' with argument '1'.
Reading option '-reconnect_streamed' ... matched as AVOption 'reconnect_streamed' with argument '1'.
Reading option '-reconnect_delay_max' ... matched as AVOption 'reconnect_delay_max' with argument '2'.
Reading option '-i' ... matched as input url with argument 'rtsp://192.168.1.153:8556/detection'.
Reading option '-analyzeduration' ... matched as AVOption 'analyzeduration' with argument '10000000'.
Reading option '-probesize' ... matched as AVOption 'probesize' with argument '10000000'.
Reading option '-c:v' ... matched as option 'c' (codec name) with argument 'libx264'.
Reading option '-preset' ... matched as AVOption 'preset' with argument 'medium'.
Reading option '-profile:v' ... matched as option 'profile' (set profile) with argument 'main'.
Reading option '-tune' ... matched as AVOption 'tune' with argument 'zerolatency'.
Reading option '-pix_fmt' ... matched as option 'pix_fmt' (set pixel format) with argument 'yuv420p'.
Reading option '-crf' ... matched as AVOption 'crf' with argument '23'.
Reading option '-g' ... matched as AVOption 'g' with argument '60'.
Reading option '-keyint_min' ... matched as AVOption 'keyint_min' with argument '60'.
Reading option '-bf' ... matched as AVOption 'bf' with argument '0'.
Reading option '-f' ... matched as option 'f' (force format) with argument 'hls'.
Reading option '-hls_time' ... matched as AVOption 'hls_time' with argument '2'.
Reading option '-hls_list_size' ... matched as AVOption 'hls_list_size' with argument '10'.
Reading option '-hls_flags' ... matched as AVOption 'hls_flags' with argument 'independent_segments'.
Reading option '-hls_segment_type' ... matched as AVOption 'hls_segment_type' with argument 'mpegts'.
Reading option '-hls_segment_filename' ... matched as AVOption 'hls_segment_filename' with argument '/var/www/hls/Camera_IP/Face_UPS/seg_%05d.ts'.
Reading option '-hls_base_url' ... matched as AVOption 'hls_base_url' with argument '/hls/Camera_IP/Face_UPS/'.
Reading option '-hls_playlist_type' ... matched as AVOption 'hls_playlist_type' with argument 'event'.
Reading option '/var/www/hls/Camera_IP/Face_UPS/playlist.m3u8' ... matched as output url.
Finished splitting the commandline.
Parsing a group of options: global .
Applying option loglevel (set logging level) with argument info.
Applying option report (generate a report) with argument 1.
Successfully parsed a group of options.
Parsing a group of options: input url rtsp://192.168.1.153:8556/detection.
Successfully parsed a group of options.
Opening an input file: rtsp://192.168.1.153:8556/detection.
[tcp @ 0x596e46125a00] No default whitelist set
[tcp @ 0x596e46125a00] Original list of addresses:
[tcp @ 0x596e46125a00] Address 192.168.1.153 port 8556
[tcp @ 0x596e46125a00] Interleaved list of addresses:
[tcp @ 0x596e46125a00] Address 192.168.1.153 port 8556
[tcp @ 0x596e46125a00] Starting connection attempt to 192.168.1.153 port 8556
[tcp @ 0x596e46125a00] Successfully connected to 192.168.1.153 port 8556
[rtsp @ 0x596e46122d00] SDP:
v=0
o=- 1 1 IN IP4 0.0.0.0
s=go2rtc/1.9.9
c=IN IP4 0.0.0.0
t=0 0
m=video 0 RTP/AVP 96
a=rtpmap:96 H264/90000
a=fmtp:96 packetization-mode=1; sprop-parameter-sets=Z/QAMpGWgCgA8aEAAAMAAQAAAwAwjxgyoA==,aO8PGSGQ; profile-level-id=F40032
a=recvonly
a=control:trackID=0

[rtsp @ 0x596e46122d00] video codec set to: h264
[rtsp @ 0x596e46122d00] RTP Packetization Mode: 1
[rtsp @ 0x596e46122d00] Extradata set to 0x596e461276f0 (size: 39)
[rtsp @ 0x596e46122d00] RTP Profile IDC: f4 Profile IOP: 0 Level: 32
[rtsp @ 0x596e46122d00] setting jitter buffer size to 0
[rtsp @ 0x596e46122d00] hello state=0
Option reconnect not found.
